TN:
SF:server.js
FN:35,init
FN:55,(anonymous_1)
FN:65,(anonymous_2)
FN:78,(anonymous_3)
FNF:4
FNH:1
FNDA:0,init
FNDA:0,(anonymous_1)
FNDA:1,(anonymous_2)
FNDA:0,(anonymous_3)
DA:9,1
DA:10,1
DA:12,1
DA:15,1
DA:16,1
DA:25,1
DA:27,1
DA:36,0
DA:47,1
DA:48,1
DA:49,1
DA:50,1
DA:52,0
DA:55,1
DA:56,0
DA:57,0
DA:58,0
DA:60,0
DA:65,1
DA:66,1
DA:67,1
DA:71,1
DA:77,1
DA:78,0
DA:79,0
DA:80,0
LF:26
LH:17
BRDA:19,0,0,1
BRDA:20,1,0,1
BRDA:21,2,0,1
BRDA:22,3,0,1
BRDA:23,4,0,1
BRDA:24,5,0,1
BRDA:60,6,0,0
BRDA:60,6,1,0
BRDA:66,7,0,1
BRDA:66,7,1,1
BRDA:66,7,2,0
BRDA:77,8,0,0
BRDA:77,8,1,1
BRF:13
BRH:9
end_of_record
TN:
SF:routes/posts.js
FN:3,postsRouterFactory
FN:7,(anonymous_1)
FN:15,(anonymous_2)
FN:28,(anonymous_3)
FNF:4
FNH:1
FNDA:1,postsRouterFactory
FNDA:0,(anonymous_1)
FNDA:0,(anonymous_2)
FNDA:0,(anonymous_3)
DA:4,1
DA:7,1
DA:8,0
DA:11,0
DA:15,1
DA:16,0
DA:17,0
DA:19,0
DA:23,0
DA:24,0
DA:28,1
DA:29,0
DA:30,0
DA:32,0
DA:36,0
DA:39,1
LF:16
LH:5
BRDA:17,0,0,0
BRDA:17,0,1,0
BRDA:23,1,0,0
BRDA:23,1,1,0
BRDA:29,2,0,0
BRDA:29,2,1,0
BRDA:30,3,0,0
BRDA:30,3,1,0
BRDA:30,4,0,0
BRDA:30,4,1,0
BRF:10
BRH:0
end_of_record
